{
  "stats": {
    "suites": 4,
    "tests": 4,
    "passes": 4,
    "pending": 0,
    "failures": 0,
    "start": "2018-08-10T16:58:06.484Z",
    "end": "2018-08-10T16:58:06.523Z",
    "duration": 39,
    "testsRegistered": 4,
    "passPercent": 100,
    "pendingPercent": 0,
    "other": 0,
    "hasOther": false,
    "skipped": 0,
    "hasSkipped": false,
    "passPercentClass": "success",
    "pendingPercentClass": "danger"
  },
  "suites": {
    "uuid": "905037a5-2c63-49ee-9a34-1067679c66bf",
    "title": "",
    "fullFile": "",
    "file": "",
    "beforeHooks": [],
    "afterHooks": [],
    "tests": [],
    "suites": [
      {
        "uuid": "268dfe8f-4878-454f-b3ac-c55860951492",
        "title": "global configuration",
        "fullFile": "/Gits/MusicoinApp/test/config.js",
        "file": "/test/config.js",
        "beforeHooks": [],
        "afterHooks": [],
        "tests": [],
        "suites": [
          {
            "uuid": "b0d4f1c9-9d1a-4798-bfe0-e48b28575fc7",
            "title": "Config files:\n",
            "fullFile": "/Gits/MusicoinApp/test/config.js",
            "file": "/test/config.js",
            "beforeHooks": [],
            "afterHooks": [],
            "tests": [
              {
                "title": "- bootnodes.json should be JSON",
                "fullTitle": "global configuration Config files:\n - bootnodes.json should be JSON",
                "timedOut": false,
                "duration": 22,
                "state": "passed",
                "speed": "fast",
                "pass": true,
                "fail": false,
                "pending": false,
                "code": "expect(nodes).be.a.jsonObj()",
                "err": {},
                "isRoot": false,
                "uuid": "436286f6-d2b1-4a05-a89f-af3006ad3493",
                "isHook": false,
                "skipped": false
              },
              {
                "title": "- settings.json should be JSON",
                "fullTitle": "global configuration Config files:\n - settings.json should be JSON",
                "timedOut": false,
                "duration": 0,
                "state": "passed",
                "speed": "fast",
                "pass": true,
                "fail": false,
                "pending": false,
                "code": "expect(settings).be.a.jsonObj()",
                "err": {},
                "isRoot": false,
                "uuid": "108a2ffb-9719-4d70-9529-e3ff097771ae",
                "isHook": false,
                "skipped": false
              }
            ],
            "suites": [],
            "passes": [
              "436286f6-d2b1-4a05-a89f-af3006ad3493",
              "108a2ffb-9719-4d70-9529-e3ff097771ae"
            ],
            "failures": [],
            "pending": [],
            "skipped": [],
            "duration": 22,
            "root": false,
            "rootEmpty": false,
            "_timeout": 2000
          }
        ],
        "passes": [],
        "failures": [],
        "pending": [],
        "skipped": [],
        "duration": 0,
        "root": false,
        "rootEmpty": false,
        "_timeout": 2000
      },
      {
        "uuid": "5fce38e0-3a55-4040-99d8-90248160bd5e",
        "title": "gmc",
        "fullFile": "/Gits/MusicoinApp/test/gmc.js",
        "file": "/test/gmc.js",
        "beforeHooks": [],
        "afterHooks": [],
        "tests": [],
        "suites": [
          {
            "uuid": "06c522fd-174b-4876-a8be-02e44324b06c",
            "title": "Config:\n",
            "fullFile": "/Gits/MusicoinApp/test/gmc.js",
            "file": "/test/gmc.js",
            "beforeHooks": [],
            "afterHooks": [],
            "tests": [
              {
                "title": "- gmc.json should be JSON",
                "fullTitle": "gmc Config:\n - gmc.json should be JSON",
                "timedOut": false,
                "duration": 0,
                "state": "passed",
                "speed": "fast",
                "pass": true,
                "fail": false,
                "pending": false,
                "code": "expect(gmc).be.a.jsonObj()",
                "err": {},
                "isRoot": false,
                "uuid": "65cd4f7e-0100-47aa-9de3-28807de68da2",
                "isHook": false,
                "skipped": false
              },
              {
                "title": "- expects {\"name\":\"Musicoin Daemon\",\"path\":\"{process.cwd}/bin/gmc/\",\"command\":\"./gmc\",\"args\":[\"--rpc\",\"--rpcapi=admin,db,eth,net,web3,personal\",\"--rpcport\",\"8545\",\"--rpcaddr\",\"127.0.0.1\",\"--rpccorsdomain\",\"localhost\",\"--fast\",\"--cache=512\"],\"rpcServer\":\"http://localhost:8545\"}",
                "fullTitle": "gmc Config:\n - expects {\"name\":\"Musicoin Daemon\",\"path\":\"{process.cwd}/bin/gmc/\",\"command\":\"./gmc\",\"args\":[\"--rpc\",\"--rpcapi=admin,db,eth,net,web3,personal\",\"--rpcport\",\"8545\",\"--rpcaddr\",\"127.0.0.1\",\"--rpccorsdomain\",\"localhost\",\"--fast\",\"--cache=512\"],\"rpcServer\":\"http://localhost:8545\"}",
                "timedOut": false,
                "duration": 0,
                "state": "passed",
                "speed": "fast",
                "pass": true,
                "fail": false,
                "pending": false,
                "code": "expect(JSON.stringify(gmc['chain'])).to.equal(\n  JSON.stringify(gmcEx['chain'])\n)",
                "err": {},
                "isRoot": false,
                "uuid": "ce4ac6e0-ef92-4e9e-a670-60e8f85c5e98",
                "isHook": false,
                "skipped": false
              }
            ],
            "suites": [],
            "passes": [
              "65cd4f7e-0100-47aa-9de3-28807de68da2",
              "ce4ac6e0-ef92-4e9e-a670-60e8f85c5e98"
            ],
            "failures": [],
            "pending": [],
            "skipped": [],
            "duration": 0,
            "root": false,
            "rootEmpty": false,
            "_timeout": 2000
          }
        ],
        "passes": [],
        "failures": [],
        "pending": [],
        "skipped": [],
        "duration": 0,
        "root": false,
        "rootEmpty": false,
        "_timeout": 2000
      }
    ],
    "passes": [],
    "failures": [],
    "pending": [],
    "skipped": [],
    "duration": 0,
    "root": true,
    "rootEmpty": true,
    "_timeout": 2000
  },
  "copyrightYear": 2018
}